[debug] [2023-10-22T04:04:56.882Z] ----------------------------------------------------------------------
[debug] [2023-10-22T04:04:56.884Z] Command:       /usr/local/bin/node /usr/local/bin/firebase init
[debug] [2023-10-22T04:04:56.885Z] CLI Version:   12.7.0
[debug] [2023-10-22T04:04:56.885Z] Platform:      darwin
[debug] [2023-10-22T04:04:56.885Z] Node Version:  v18.16.0
[debug] [2023-10-22T04:04:56.887Z] Time:          Sun Oct 22 2023 09:34:56 GMT+0530 (India Standard Time)
[debug] [2023-10-22T04:04:56.887Z] ----------------------------------------------------------------------
[debug] 
[debug] [2023-10-22T04:04:56.895Z] > command requires scopes: ["email","openid","https://www.googleapis.com/auth/cloudplatformprojects.readonly","https://www.googleapis.com/auth/firebase","https://www.googleapis.com/auth/cloud-platform"]
[debug] [2023-10-22T04:04:56.896Z] > authorizing via signed-in user (pratibhapradhaninterview@gmail.com)
[info] 
     ######## #### ########  ######## ########     ###     ######  ########
     ##        ##  ##     ## ##       ##     ##  ##   ##  ##       ##
     ######    ##  ########  ######   ########  #########  ######  ######
     ##        ##  ##    ##  ##       ##     ## ##     ##       ## ##
     ##       #### ##     ## ######## ########  ##     ##  ######  ########

You're about to initialize a Firebase project in this directory:

  /Users/pratibha/Documents/Projects/construction-management-app

[info] 
=== Project Setup
[info] 
[info] First, let's associate this project directory with a Firebase project.
[info] You can create multiple project aliases by running firebase use --add, 
[info] but for now we'll just set up a default project.
[info] 
[debug] [2023-10-22T04:06:06.281Z] >>> [apiv2][query] GET https://firebase.googleapis.com/v1beta1/projects pageSize=100
[debug] [2023-10-22T04:06:07.293Z] <<< [apiv2][status] GET https://firebase.googleapis.com/v1beta1/projects 200
[debug] [2023-10-22T04:06:07.293Z] <<< [apiv2][body] GET https://firebase.googleapis.com/v1beta1/projects [omitted]
[debug] [2023-10-22T04:06:23.222Z] Error: read EIO
    at TTY.onStreamRead (node:internal/stream_base_commons:217:20)
[debug] [2023-10-22T04:08:22.524Z] ----------------------------------------------------------------------
[debug] [2023-10-22T04:08:22.526Z] Command:       /usr/local/bin/node /usr/local/bin/firebase init
[debug] [2023-10-22T04:08:22.527Z] CLI Version:   12.7.0
[debug] [2023-10-22T04:08:22.527Z] Platform:      darwin
[debug] [2023-10-22T04:08:22.527Z] Node Version:  v18.16.0
[debug] [2023-10-22T04:08:22.529Z] Time:          Sun Oct 22 2023 09:38:22 GMT+0530 (India Standard Time)
[debug] [2023-10-22T04:08:22.529Z] ----------------------------------------------------------------------
[debug] 
[debug] [2023-10-22T04:08:22.537Z] > command requires scopes: ["email","openid","https://www.googleapis.com/auth/cloudplatformprojects.readonly","https://www.googleapis.com/auth/firebase","https://www.googleapis.com/auth/cloud-platform"]
[debug] [2023-10-22T04:08:22.537Z] > authorizing via signed-in user (pratibhapradhaninterview@gmail.com)
[info] 
     ######## #### ########  ######## ########     ###     ######  ########
     ##        ##  ##     ## ##       ##     ##  ##   ##  ##       ##
     ######    ##  ########  ######   ########  #########  ######  ######
     ##        ##  ##    ##  ##       ##     ## ##     ##       ## ##
     ##       #### ##     ## ######## ########  ##     ##  ######  ########

You're about to initialize a Firebase project in this directory:

  /Users/pratibha/Documents/Projects/construction-management-app

[info] 
=== Project Setup
[info] 
[info] First, let's associate this project directory with a Firebase project.
[info] You can create multiple project aliases by running firebase use --add, 
[info] but for now we'll just set up a default project.
[info] 
[debug] [2023-10-22T04:08:35.486Z] >>> [apiv2][query] GET https://firebase.googleapis.com/v1beta1/projects pageSize=100
[debug] [2023-10-22T04:08:36.769Z] <<< [apiv2][status] GET https://firebase.googleapis.com/v1beta1/projects 200
[debug] [2023-10-22T04:08:36.769Z] <<< [apiv2][body] GET https://firebase.googleapis.com/v1beta1/projects [omitted]
[info] i  Using project construction-management-b0b48 (construction-management-app) 
[info] 
=== Hosting Setup
[info] 
[info] Your public directory is the folder (relative to your project directory) that
[info] will contain Hosting assets to be uploaded with firebase deploy. If you
[info] have a build process for your assets, use your build's output directory.
[info] 
[debug] [2023-10-22T04:09:03.805Z] >>> [apiv2][query] GET https://www.gstatic.com/firebasejs/releases.json [none]
[debug] [2023-10-22T04:09:04.076Z] <<< [apiv2][status] GET https://www.gstatic.com/firebasejs/releases.json 200
[debug] [2023-10-22T04:09:04.076Z] <<< [apiv2][body] GET https://www.gstatic.com/firebasejs/releases.json {"current":{"version":"10.5.0","browserURL":"https://www.gstatic.com/firebasejs/10.5.0/firebase.js","packageURL":"https://www.gstatic.com/firebasejs/10.5.0/firebase.tgz"},"live":{"version":"10.5","browserURL":"https://www.gstatic.com/firebasejs/live/10.5/firebase.js","packageURL":"https://www.gstatic.com/firebasejs/live/10.5/firebase.tgz"},"components":{"analytics":"https://www.gstatic.com/firebasejs/10.5.0/firebase-analytics.js","app":"https://www.gstatic.com/firebasejs/10.5.0/firebase-app.js","app-check":"https://www.gstatic.com/firebasejs/10.5.0/firebase-app-check.js","auth":"https://www.gstatic.com/firebasejs/10.5.0/firebase-auth.js","auth/cordova":"https://www.gstatic.com/firebasejs/10.5.0/firebase-auth/cordova.js","functions":"https://www.gstatic.com/firebasejs/10.5.0/firebase-functions.js","firestore":"https://www.gstatic.com/firebasejs/10.5.0/firebase-firestore.js","firestore/lite":"https://www.gstatic.com/firebasejs/10.5.0/firebase-firestore/lite.js","installations":"https://www.gstatic.com/firebasejs/10.5.0/firebase-installations.js","storage":"https://www.gstatic.com/firebasejs/10.5.0/firebase-storage.js","performance":"https://www.gstatic.com/firebasejs/10.5.0/firebase-performance.js","remote-config":"https://www.gstatic.com/firebasejs/10.5.0/firebase-remote-config.js","messaging":"https://www.gstatic.com/firebasejs/10.5.0/firebase-messaging.js","messaging/sw":"https://www.gstatic.com/firebasejs/10.5.0/firebase-messaging/sw.js","database":"https://www.gstatic.com/firebasejs/10.5.0/firebase-database.js","firestore.memory":"https://www.gstatic.com/firebasejs/10.5.0/firebase-firestore.memory.js"}}
[info] ✔  Wrote public/index.html 
[info] 
[info] i  Detected a .git folder at /Users/pratibha/Documents/Projects/construction-management-app 
[info] i  Authorizing with GitHub to upload your service account to a GitHub repository's secrets store. 
[info] 
[info] Visit this URL on this device to log in:
[info] https://github.com/login/oauth/authorize?client_id=89cf50f02ac6aaed3484&state=182601820&redirect_uri=http%3A%2F%2Flocalhost%3A9005&scope=read%3Auser%20repo%20public_repo
[info] 
[info] Waiting for authentication...
[debug] [2023-10-22T04:09:07.525Z] >>> [apiv2][query] POST https://github.com/login/oauth/access_token [none]
[debug] [2023-10-22T04:09:07.526Z] >>> [apiv2][body] POST https://github.com/login/oauth/access_token [stream]
[debug] [2023-10-22T04:09:07.981Z] <<< [apiv2][status] POST https://github.com/login/oauth/access_token 200
[debug] [2023-10-22T04:09:07.981Z] <<< [apiv2][body] POST https://github.com/login/oauth/access_token {"access_token":"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","token_type":"bearer","scope":"read:user,repo"}
[debug] [2023-10-22T04:09:07.988Z] >>> [apiv2][query] GET https://api.github.com/user [none]
[debug] [2023-10-22T04:09:08.512Z] <<< [apiv2][status] GET https://api.github.com/user 200
[debug] [2023-10-22T04:09:08.513Z] <<< [apiv2][body] GET https://api.github.com/user {"login":"pratibhaxa","id":90201684,"node_id":"MDQ6VXNlcjkwMjAxNjg0","avatar_url":"https://avatars.githubusercontent.com/u/90201684?v=4","gravatar_id":"","url":"https://api.github.com/users/pratibhaxa","html_url":"https://github.com/pratibhaxa","followers_url":"https://api.github.com/users/pratibhaxa/followers","following_url":"https://api.github.com/users/pratibhaxa/following{/other_user}","gists_url":"https://api.github.com/users/pratibhaxa/gists{/gist_id}","starred_url":"https://api.github.com/users/pratibhaxa/starred{/owner}{/repo}","subscriptions_url":"https://api.github.com/users/pratibhaxa/subscriptions","organizations_url":"https://api.github.com/users/pratibhaxa/orgs","repos_url":"https://api.github.com/users/pratibhaxa/repos","events_url":"https://api.github.com/users/pratibhaxa/events{/privacy}","received_events_url":"https://api.github.com/users/pratibhaxa/received_events","type":"User","site_admin":false,"name":"Pratibha Pradhan","company":null,"blog":"","location":null,"email":null,"hireable":null,"bio":null,"twitter_username":null,"public_repos":8,"public_gists":0,"followers":0,"following":1,"created_at":"2021-09-06T14:08:46Z","updated_at":"2023-10-17T19:45:20Z","private_gists":0,"total_private_repos":15,"owned_private_repos":15,"disk_usage":435552,"collaborators":0,"two_factor_authentication":false,"plan":{"name":"free","space":976562499,"collaborators":0,"private_repos":10000}}
[info] 
[info] ✔  Success! Logged into GitHub as pratibhaxa 
[info] 
[debug] [2023-10-22T04:09:15.284Z] >>> [apiv2][query] GET https://api.github.com/repos//actions/secrets/public-key type=owner
[debug] [2023-10-22T04:09:15.709Z] <<< [apiv2][status] GET https://api.github.com/repos//actions/secrets/public-key 404
[debug] [2023-10-22T04:09:15.709Z] <<< [apiv2][body] GET https://api.github.com/repos//actions/secrets/public-key {"message":"Not Found","documentation_url":"https://docs.github.com/rest"}
[info] 
[info] 
[error] ⚠  The provided authorization cannot be used with this repository. If this repository is in an organization, did you remember to grant access? 
[info] 
[info] i  Action required: Visit this URL to ensure access has been granted to the appropriate organization(s) for the Firebase CLI GitHub OAuth App: 
[info] https://github.com/settings/connections/applications/89cf50f02ac6aaed3484
[info] 
[debug] [2023-10-22T04:17:01.864Z] Error: read EIO
    at TTY.onStreamRead (node:internal/stream_base_commons:217:20)
